ISim log file
Running: /home/anand/EE2003/Assignment_3_final_submission/cpu_tb_isim_beh.exe -intstyle ise -gui -tclbatch isim.cmd -wdb /home/anand/EE2003/Assignment_3_final_submission/cpu_tb_isim_beh.wdb 
ISim P.20131013 (signature 0xfbc00daa)
This is a Full version of ISim.
Time resolution is 1 ps
# onerror resume
# wave add /
# run 1000 ns
Simulator is doing circuit initialization process.
Finished circuit initialization process.
0000000000000073 00000000 00000000 00000000 00000000         0         0         0
LUI : 80001000 f
r1 : 00000000 r2 : 00
r1 : 00000000 r2 : 00
000000000000007d 80001000 00000000 00000000 00000000         0         0         0
LUI : 01000000 f
0000000000000087 80001000 01000000 00000000 00000000         0         0         0
0000000000000091 80001000 01000000 00000019 00000000         0         0         0
000000000000009b 80001000 01000000 00000019 00000018         0         0         0
JALR         24          25           4         20
00000000000000a5 80001000 01000000 00000019 00000018        24         0         0
00000024
00000000000000af 80001000 01000000 00000019 00000018        24         0         0
0000001c
-2147479552         24
-2147479552   16777216
00000000000000b9 80001000 01000000 00000019 00000018        24         0         0
00000000000000c3 80001000 01000000 00000019 00000018        24        64         0
00000008
00000000000000cd 80001000 01000000 00000019 00000018        24        64         0
00000000000000d7 80001000 01000000 00000019 00000018        24        64        64
0000000c
00000000000000e1 80001000 01000000 00000019 00000018        24        64        64
ffffffc8
00000000000000eb 80001000 01000000 00000019 00000018        24        64        64
00000000000000f5 80001000 01000000 00000019 00000018        24        64        64
LUI : 80001000 f
r1 : 00000000 r2 : 00
r1 : 00000000 r2 : 00
00000000000000ff 80001000 01000000 00000019 00000018        24        64        64
LUI : 01000000 f
0000000000000109 80001000 01000000 00000019 00000018        24        64        64
0000000000000113 80001000 01000000 00000019 00000018        24        64        64
000000000000011d 80001000 01000000 00000019 00000018        24        64        64
JALR         24          25           4         20
0000000000000127 80001000 01000000 00000019 00000018        24        64        64
00000024
0000000000000131 80001000 01000000 00000019 00000018        24        64        64
0000001c
-2147479552         24
-2147479552   16777216
000000000000013b 80001000 01000000 00000019 00000018        24        64        64
0000000000000145 80001000 01000000 00000019 00000018        24        64        64
00000008
000000000000014f 80001000 01000000 00000019 00000018        24        64        64
0000000000000159 80001000 01000000 00000019 00000018        24        64        64
0000000c
0000000000000163 80001000 01000000 00000019 00000018        24        64        64
ffffffc8
000000000000016d 80001000 01000000 00000019 00000018        24        64        64
0000000000000177 80001000 01000000 00000019 00000018        24        64        64
LUI : 80001000 f
r1 : 00000000 r2 : 00
r1 : 00000000 r2 : 00
0000000000000181 80001000 01000000 00000019 00000018        24        64        64
LUI : 01000000 f
000000000000018b 80001000 01000000 00000019 00000018        24        64        64
0000000000000195 80001000 01000000 00000019 00000018        24        64        64
000000000000019f 80001000 01000000 00000019 00000018        24        64        64
JALR         24          25           4         20
00000000000001a9 80001000 01000000 00000019 00000018        24        64        64
00000024
00000000000001b3 80001000 01000000 00000019 00000018        24        64        64
0000001c
-2147479552         24
-2147479552   16777216
00000000000001bd 80001000 01000000 00000019 00000018        24        64        64
00000000000001c7 80001000 01000000 00000019 00000018        24        64        64
00000008
00000000000001d1 80001000 01000000 00000019 00000018        24        64        64
00000000000001db 80001000 01000000 00000019 00000018        24        64        64
0000000c
00000000000001e5 80001000 01000000 00000019 00000018        24        64        64
ffffffc8
00000000000001ef 80001000 01000000 00000019 00000018        24        64        64
00000000000001f9 80001000 01000000 00000019 00000018        24        64        64
LUI : 80001000 f
r1 : 00000000 r2 : 00
r1 : 00000000 r2 : 00
0000000000000203 80001000 01000000 00000019 00000018        24        64        64
LUI : 01000000 f
000000000000020d 80001000 01000000 00000019 00000018        24        64        64
0000000000000217 80001000 01000000 00000019 00000018        24        64        64
0000000000000221 80001000 01000000 00000019 00000018        24        64        64
JALR         24          25           4         20
000000000000022b 80001000 01000000 00000019 00000018        24        64        64
00000024
0000000000000235 80001000 01000000 00000019 00000018        24        64        64
0000001c
-2147479552         24
-2147479552   16777216
000000000000023f 80001000 01000000 00000019 00000018        24        64        64
0000000000000249 80001000 01000000 00000019 00000018        24        64        64
00000008
0000000000000253 80001000 01000000 00000019 00000018        24        64        64
000000000000025d 80001000 01000000 00000019 00000018        24        64        64
0000000c
0000000000000267 80001000 01000000 00000019 00000018        24        64        64
ffffffc8
0000000000000271 80001000 01000000 00000019 00000018        24        64        64
000000000000027b 80001000 01000000 00000019 00000018        24        64        64
LUI : 80001000 f
r1 : 00000000 r2 : 00
r1 : 00000000 r2 : 00
0000000000000285 80001000 01000000 00000019 00000018        24        64        64
LUI : 01000000 f
000000000000028f 80001000 01000000 00000019 00000018        24        64        64
0000000000000299 80001000 01000000 00000019 00000018        24        64        64
00000000000002a3 80001000 01000000 00000019 00000018        24        64        64
JALR         24          25           4         20
00000000000002ad 80001000 01000000 00000019 00000018        24        64        64
00000024
00000000000002b7 80001000 01000000 00000019 00000018        24        64        64
0000001c
-2147479552         24
-2147479552   16777216
00000000000002c1 80001000 01000000 00000019 00000018        24        64        64
00000000000002cb 80001000 01000000 00000019 00000018        24        64        64
00000008
00000000000002d5 80001000 01000000 00000019 00000018        24        64        64
00000000000002df 80001000 01000000 00000019 00000018        24        64        64
0000000c
00000000000002e9 80001000 01000000 00000019 00000018        24        64        64
ffffffc8
00000000000002f3 80001000 01000000 00000019 00000018        24        64        64
00000000000002fd 80001000 01000000 00000019 00000018        24        64        64
LUI : 80001000 f
r1 : 00000000 r2 : 00
r1 : 00000000 r2 : 00
0000000000000307 80001000 01000000 00000019 00000018        24        64        64
LUI : 01000000 f
0000000000000311 80001000 01000000 00000019 00000018        24        64        64
000000000000031b 80001000 01000000 00000019 00000018        24        64        64
0000000000000325 80001000 01000000 00000019 00000018        24        64        64
JALR         24          25           4         20
000000000000032f 80001000 01000000 00000019 00000018        24        64        64
00000024
0000000000000339 80001000 01000000 00000019 00000018        24        64        64
0000001c
-2147479552         24
-2147479552   16777216
0000000000000343 80001000 01000000 00000019 00000018        24        64        64
000000000000034d 80001000 01000000 00000019 00000018        24        64        64
00000008
0000000000000357 80001000 01000000 00000019 00000018        24        64        64
0000000000000361 80001000 01000000 00000019 00000018        24        64        64
0000000c
000000000000036b 80001000 01000000 00000019 00000018        24        64        64
ffffffc8
0000000000000375 80001000 01000000 00000019 00000018        24        64        64
000000000000037f 80001000 01000000 00000019 00000018        24        64        64
LUI : 80001000 f
r1 : 00000000 r2 : 00
r1 : 00000000 r2 : 00
0000000000000389 80001000 01000000 00000019 00000018        24        64        64
LUI : 01000000 f
0000000000000393 80001000 01000000 00000019 00000018        24        64        64
000000000000039d 80001000 01000000 00000019 00000018        24        64        64
00000000000003a7 80001000 01000000 00000019 00000018        24        64        64
JALR         24          25           4         20
00000000000003b1 80001000 01000000 00000019 00000018        24        64        64
00000024
00000000000003bb 80001000 01000000 00000019 00000018        24        64        64
0000001c
-2147479552         24
-2147479552   16777216
00000000000003c5 80001000 01000000 00000019 00000018        24        64        64
00000000000003cf 80001000 01000000 00000019 00000018        24        64        64
00000008
00000000000003d9 80001000 01000000 00000019 00000018        24        64        64
00000000000003e3 80001000 01000000 00000019 00000018        24        64        64
0000000c
# exit 0
