Release 14.7 Map P.20131013 (lin64)
Xilinx Mapping Report File for Design 'top'

Design Information
------------------
Command Line   : map -intstyle ise -p xc3s500e-fg320-5 -cm area -ir off -pr off
-c 100 -o top_map.ncd top.ngd top.pcf 
Target Device  : xc3s500e
Target Package : fg320
Target Speed   : -5
Mapper Version : spartan3e -- $Revision: 1.55 $
Mapped Date    : Fri Oct 18 12:56:02 2019

Design Summary
--------------
Number of errors:      0
Number of warnings:   33
Logic Utilization:
  Total Number Slice Registers:       1,325 out of   9,312   14%
    Number used as Flip Flops:        1,289
    Number used as Latches:              36
  Number of 4 input LUTs:             1,284 out of   9,312   13%
Logic Distribution:
  Number of occupied Slices:          1,398 out of   4,656   30%
    Number of Slices containing only related logic:   1,398 out of   1,398 100%
    Number of Slices containing unrelated logic:          0 out of   1,398   0%
      *See NOTES below for an explanation of the effects of unrelated logic.
  Total Number of 4 input LUTs:       1,356 out of   9,312   14%
    Number used as logic:             1,284
    Number used as a route-thru:         72

  The Slice Logic Distribution report is not meaningful if the design is
  over-mapped for a non-slice resource or if Placement fails.

  Number of RAMB16s:                      1 out of      20    5%
  Number of BUFGMUXs:                     2 out of      24    8%
  Number of BSCANs:                       1 out of       1  100%

Average Fanout of Non-Clock Nets:                2.17

Peak Memory Usage:  654 MB
Total REAL time to MAP completion:  5 secs 
Total CPU time to MAP completion:   3 secs 

NOTES:

   Related logic is defined as being logic that shares connectivity - e.g. two
   LUTs are "related" if they share common inputs.  When assembling slices,
   Map gives priority to combine logic that is related.  Doing so results in
   the best timing performance.

   Unrelated logic shares no connectivity.  Map will only begin packing
   unrelated logic into a slice once 99% of the slices are occupied through
   related logic packing.

   Note that once logic distribution reaches the 99% level through related
   logic packing, this does not mean the device is completely utilized.
   Unrelated logic packing will then begin, continuing until all usable LUTs
   and FFs are occupied.  Depending on your timing budget, increased levels of
   unrelated logic packing may adversely affect the overall timing performance
   of your design.

Table of Contents
-----------------
Section 1 - Errors
Section 2 - Warnings
Section 3 - Informational
Section 4 - Removed Logic Summary
Section 5 - Removed Logic
Section 6 - IOB Properties
Section 7 - RPMs
Section 8 - Guide Report
Section 9 - Area Group and Partition Summary
Section 10 - Timing Report
Section 11 - Configuration String Information
Section 12 - Control Set Information
Section 13 - Utilization by Hierarchy

Section 1 - Errors
------------------

Section 2 - Warnings
--------------------
WARNING:PhysDesignRules:372 - Gated clock. Clock net dut/D/we_not0001 is sourced
   by a combinatorial pin. This is not good design practice. Use the CE pin to
   control the loading of data into the flip-flop.
WARNING:PhysDesignRules:372 - Gated clock. Clock net daddr<0> is sourced by a
   combinatorial pin. This is not good design practice. Use the CE pin to
   control the loading of data into the flip-flop.
WARNING:PhysDesignRules:372 - Gated clock. Clock net daddr<30> is sourced by a
   combinatorial pin. This is not good design practice. Use the CE pin to
   control the loading of data into the flip-flop.
WARNING:PhysDesignRules:372 - Gated clock. Clock net daddr<22> is sourced by a
   combinatorial pin. This is not good design practice. Use the CE pin to
   control the loading of data into the flip-flop.
WARNING:PhysDesignRules:372 - Gated clock. Clock net daddr<14> is sourced by a
   combinatorial pin. This is not good design practice. Use the CE pin to
   control the loading of data into the flip-flop.
WARNING:PhysDesignRules:372 - Gated clock. Clock net daddr<6> is sourced by a
   combinatorial pin. This is not good design practice. Use the CE pin to
   control the loading of data into the flip-flop.
WARNING:PhysDesignRules:372 - Gated clock. Clock net daddr<19> is sourced by a
   combinatorial pin. This is not good design practice. Use the CE pin to
   control the loading of data into the flip-flop.
WARNING:PhysDesignRules:372 - Gated clock. Clock net daddr<11> is sourced by a
   combinatorial pin. This is not good design practice. Use the CE pin to
   control the loading of data into the flip-flop.
WARNING:PhysDesignRules:372 - Gated clock. Clock net daddr<3> is sourced by a
   combinatorial pin. This is not good design practice. Use the CE pin to
   control the loading of data into the flip-flop.
WARNING:PhysDesignRules:372 - Gated clock. Clock net daddr<31> is sourced by a
   combinatorial pin. This is not good design practice. Use the CE pin to
   control the loading of data into the flip-flop.
WARNING:PhysDesignRules:372 - Gated clock. Clock net daddr<23> is sourced by a
   combinatorial pin. This is not good design practice. Use the CE pin to
   control the loading of data into the flip-flop.
WARNING:PhysDesignRules:372 - Gated clock. Clock net daddr<15> is sourced by a
   combinatorial pin. This is not good design practice. Use the CE pin to
   control the loading of data into the flip-flop.
WARNING:PhysDesignRules:372 - Gated clock. Clock net daddr<7> is sourced by a
   combinatorial pin. This is not good design practice. Use the CE pin to
   control the loading of data into the flip-flop.
WARNING:PhysDesignRules:372 - Gated clock. Clock net daddr<29> is sourced by a
   combinatorial pin. This is not good design practice. Use the CE pin to
   control the loading of data into the flip-flop.
WARNING:PhysDesignRules:372 - Gated clock. Clock net daddr<21> is sourced by a
   combinatorial pin. This is not good design practice. Use the CE pin to
   control the loading of data into the flip-flop.
WARNING:PhysDesignRules:372 - Gated clock. Clock net daddr<13> is sourced by a
   combinatorial pin. This is not good design practice. Use the CE pin to
   control the loading of data into the flip-flop.
WARNING:PhysDesignRules:372 - Gated clock. Clock net daddr<5> is sourced by a
   combinatorial pin. This is not good design practice. Use the CE pin to
   control the loading of data into the flip-flop.
WARNING:PhysDesignRules:372 - Gated clock. Clock net daddr<24> is sourced by a
   combinatorial pin. This is not good design practice. Use the CE pin to
   control the loading of data into the flip-flop.
WARNING:PhysDesignRules:372 - Gated clock. Clock net daddr<16> is sourced by a
   combinatorial pin. This is not good design practice. Use the CE pin to
   control the loading of data into the flip-flop.
WARNING:PhysDesignRules:372 - Gated clock. Clock net daddr<25> is sourced by a
   combinatorial pin. This is not good design practice. Use the CE pin to
   control the loading of data into the flip-flop.
WARNING:PhysDesignRules:372 - Gated clock. Clock net daddr<17> is sourced by a
   combinatorial pin. This is not good design practice. Use the CE pin to
   control the loading of data into the flip-flop.
WARNING:PhysDesignRules:372 - Gated clock. Clock net daddr<26> is sourced by a
   combinatorial pin. This is not good design practice. Use the CE pin to
   control the loading of data into the flip-flop.
WARNING:PhysDesignRules:372 - Gated clock. Clock net daddr<8> is sourced by a
   combinatorial pin. This is not good design practice. Use the CE pin to
   control the loading of data into the flip-flop.
WARNING:PhysDesignRules:372 - Gated clock. Clock net daddr<27> is sourced by a
   combinatorial pin. This is not good design practice. Use the CE pin to
   control the loading of data into the flip-flop.
WARNING:PhysDesignRules:372 - Gated clock. Clock net daddr<18> is sourced by a
   combinatorial pin. This is not good design practice. Use the CE pin to
   control the loading of data into the flip-flop.
WARNING:PhysDesignRules:372 - Gated clock. Clock net daddr<10> is sourced by a
   combinatorial pin. This is not good design practice. Use the CE pin to
   control the loading of data into the flip-flop.
WARNING:PhysDesignRules:372 - Gated clock. Clock net daddr<2> is sourced by a
   combinatorial pin. This is not good design practice. Use the CE pin to
   control the loading of data into the flip-flop.
WARNING:PhysDesignRules:372 - Gated clock. Clock net daddr<9> is sourced by a
   combinatorial pin. This is not good design practice. Use the CE pin to
   control the loading of data into the flip-flop.
WARNING:PhysDesignRules:372 - Gated clock. Clock net daddr<1> is sourced by a
   combinatorial pin. This is not good design practice. Use the CE pin to
   control the loading of data into the flip-flop.
WARNING:PhysDesignRules:372 - Gated clock. Clock net daddr<28> is sourced by a
   combinatorial pin. This is not good design practice. Use the CE pin to
   control the loading of data into the flip-flop.
WARNING:PhysDesignRules:372 - Gated clock. Clock net daddr<20> is sourced by a
   combinatorial pin. This is not good design practice. Use the CE pin to
   control the loading of data into the flip-flop.
WARNING:PhysDesignRules:372 - Gated clock. Clock net daddr<12> is sourced by a
   combinatorial pin. This is not good design practice. Use the CE pin to
   control the loading of data into the flip-flop.
WARNING:PhysDesignRules:372 - Gated clock. Clock net daddr<4> is sourced by a
   combinatorial pin. This is not good design practice. Use the CE pin to
   control the loading of data into the flip-flop.

Section 3 - Informational
-------------------------
INFO:LIT:243 - Logical network clka has no load.
INFO:MapLib:562 - No environment variables are currently set.

Section 4 - Removed Logic Summary
---------------------------------
  64 block(s) removed
 299 block(s) optimized away
 146 signal(s) removed

Section 5 - Removed Logic
-------------------------

The trimmed logic report below shows the logic removed from your design due to
sourceless or loadless signals, and VCC or ground connections.  If the removal
of a signal or symbol results in the subsequent removal of an additional signal
or symbol, the message explaining that second removal will be indented.  This
indentation will be repeated as a chain of related logic is removed.

To quickly locate the original cause for the removal of a chain of logic, look
above the place where that logic is listed in the trimming report, then locate
the lines that are least indented (begin at the leftmost edge).

Loadless block "ICON/U0/U_ICON/U_CMD/U_CORE_ID_SEL/I4.FI[10].U_LUT" (ROM)
removed.
Loadless block "ICON/U0/U_ICON/U_CMD/U_CORE_ID_SEL/I4.FI[11].U_LUT" (ROM)
removed.
Loadless block "ICON/U0/U_ICON/U_CMD/U_CORE_ID_SEL/I4.FI[12].U_LUT" (ROM)
removed.
Loadless block "ICON/U0/U_ICON/U_CMD/U_CORE_ID_SEL/I4.FI[13].U_LUT" (ROM)
removed.
Loadless block "ICON/U0/U_ICON/U_CMD/U_CORE_ID_SEL/I4.FI[14].U_LUT" (ROM)
removed.
Loadless block "ICON/U0/U_ICON/U_CMD/U_CORE_ID_SEL/I4.FI[1].U_LUT" (ROM)
removed.
Loadless block "ICON/U0/U_ICON/U_CMD/U_CORE_ID_SEL/I4.FI[2].U_LUT" (ROM)
removed.
Loadless block "ICON/U0/U_ICON/U_CMD/U_CORE_ID_SEL/I4.FI[3].U_LUT" (ROM)
removed.
Loadless block "ICON/U0/U_ICON/U_CMD/U_CORE_ID_SEL/I4.FI[4].U_LUT" (ROM)
removed.
Loadless block "ICON/U0/U_ICON/U_CMD/U_CORE_ID_SEL/I4.FI[5].U_LUT" (ROM)
removed.
Loadless block "ICON/U0/U_ICON/U_CMD/U_CORE_ID_SEL/I4.FI[6].U_LUT" (ROM)
removed.
Loadless block "ICON/U0/U_ICON/U_CMD/U_CORE_ID_SEL/I4.FI[7].U_LUT" (ROM)
removed.
Loadless block "ICON/U0/U_ICON/U_CMD/U_CORE_ID_SEL/I4.FI[8].U_LUT" (ROM)
removed.
Loadless block "ICON/U0/U_ICON/U_CMD/U_CORE_ID_SEL/I4.FI[9].U_LUT" (ROM)
removed.
The signal "VIO_CONTROL<10>" is sourceless and has been removed.
 Sourceless block "VIO/U0/I_VIO/U_STATUS/iSTAT_CNT<7>152" (ROM) removed.
  The signal "VIO/U0/I_VIO/U_STATUS/iSTAT_CNT<7>152" is sourceless and has been
removed.
   Sourceless block "VIO/U0/I_VIO/U_STATUS/iSTAT_CNT<7>179" (ROM) removed.
    The signal "VIO/U0/I_VIO/U_STATUS/iSTAT_CNT<7>179" is sourceless and has been
removed.
The signal "VIO_CONTROL<11>" is sourceless and has been removed.
The signal "VIO_CONTROL<12>" is sourceless and has been removed.
The signal "VIO_CONTROL<13>" is sourceless and has been removed.
The signal "VIO_CONTROL<14>" is sourceless and has been removed.
 Sourceless block "VIO/U0/I_VIO/U_STATUS/iSTAT_CNT<7>128" (ROM) removed.
  The signal "VIO/U0/I_VIO/U_STATUS/iSTAT_CNT<7>128" is sourceless and has been
removed.
The signal "VIO_CONTROL<15>" is sourceless and has been removed.
The signal "VIO_CONTROL<16>" is sourceless and has been removed.
The signal "VIO_CONTROL<17>" is sourceless and has been removed.
The signal "VIO_CONTROL<18>" is sourceless and has been removed.
 Sourceless block "VIO/U0/I_VIO/U_STATUS/iSTAT_CNT<7>115" (ROM) removed.
  The signal "VIO/U0/I_VIO/U_STATUS/iSTAT_CNT<7>115" is sourceless and has been
removed.
The signal "VIO_CONTROL<19>" is sourceless and has been removed.
The signal "VIO_CONTROL<20>" is sourceless and has been removed.
The signal "VIO_CONTROL<21>" is sourceless and has been removed.
The signal "VIO_CONTROL<22>" is sourceless and has been removed.
 Sourceless block "VIO/U0/I_VIO/U_STATUS/iSTAT_CNT<7>77" (ROM) removed.
  The signal "VIO/U0/I_VIO/U_STATUS/iSTAT_CNT<7>77" is sourceless and has been
removed.
   Sourceless block "VIO/U0/I_VIO/U_STATUS/iSTAT_CNT<7>91_SW0" (ROM) removed.
    The signal "VIO/N36" is sourceless and has been removed.
The signal "VIO_CONTROL<23>" is sourceless and has been removed.
The signal "VIO_CONTROL<24>" is sourceless and has been removed.
The signal "VIO_CONTROL<25>" is sourceless and has been removed.
The signal "VIO_CONTROL<26>" is sourceless and has been removed.
 Sourceless block "VIO/U0/I_VIO/U_STATUS/iSTAT_CNT<7>64" (ROM) removed.
  The signal "VIO/U0/I_VIO/U_STATUS/iSTAT_CNT<7>64" is sourceless and has been
removed.
The signal "VIO_CONTROL<27>" is sourceless and has been removed.
The signal "VIO_CONTROL<28>" is sourceless and has been removed.
The signal "VIO_CONTROL<29>" is sourceless and has been removed.
The signal "VIO_CONTROL<30>" is sourceless and has been removed.
 Sourceless block "VIO/U0/I_VIO/U_STATUS/iSTAT_CNT<7>37" (ROM) removed.
  The signal "VIO/U0/I_VIO/U_STATUS/iSTAT_CNT<7>37" is sourceless and has been
removed.
The signal "VIO_CONTROL<31>" is sourceless and has been removed.
The signal "VIO_CONTROL<32>" is sourceless and has been removed.
The signal "VIO_CONTROL<33>" is sourceless and has been removed.
The signal "VIO_CONTROL<34>" is sourceless and has been removed.
The signal "VIO_CONTROL<35>" is sourceless and has been removed.
The signal "VIO_CONTROL<8>" is sourceless and has been removed.
 Sourceless block "VIO/U0/I_VIO/U_STATUS/iSTAT_CNT<7>165" (ROM) removed.
  The signal "VIO/U0/I_VIO/U_STATUS/iSTAT_CNT<7>165" is sourceless and has been
removed.
The signal "VIO_CONTROL<9>" is sourceless and has been removed.
The signal "ICON/U0/U_ICON/U_CTRL_OUT/iCOMMAND_GRP_SEL<1>" is sourceless and has
been removed.
 Sourceless block "ICON/U0/U_ICON/U_CTRL_OUT/F_NCP[0].F_CMD[0].U_HCE" (ROM)
removed.
 Sourceless block "ICON/U0/U_ICON/U_CTRL_OUT/F_NCP[0].F_CMD[1].U_HCE" (ROM)
removed.
 Sourceless block "ICON/U0/U_ICON/U_CTRL_OUT/F_NCP[0].F_CMD[2].U_HCE" (ROM)
removed.
 Sourceless block "ICON/U0/U_ICON/U_CTRL_OUT/F_NCP[0].F_CMD[3].U_HCE" (ROM)
removed.
 Sourceless block "ICON/U0/U_ICON/U_CTRL_OUT/F_NCP[0].F_CMD[4].U_HCE" (ROM)
removed.
 Sourceless block "ICON/U0/U_ICON/U_CTRL_OUT/F_NCP[0].F_CMD[5].U_HCE" (ROM)
removed.
 Sourceless block "ICON/U0/U_ICON/U_CTRL_OUT/F_NCP[0].F_CMD[6].U_HCE" (ROM)
removed.
 Sourceless block "ICON/U0/U_ICON/U_CTRL_OUT/F_NCP[0].F_CMD[7].U_HCE" (ROM)
removed.
 Sourceless block "ICON/U0/U_ICON/U_CTRL_OUT/F_NCP[0].F_CMD[8].U_HCE" (ROM)
removed.
 Sourceless block "ICON/U0/U_ICON/U_CTRL_OUT/F_NCP[0].F_CMD[9].U_HCE" (ROM)
removed.
 Sourceless block "ICON/U0/U_ICON/U_CTRL_OUT/F_NCP[0].F_CMD[10].U_HCE" (ROM)
removed.
 Sourceless block "ICON/U0/U_ICON/U_CTRL_OUT/F_NCP[0].F_CMD[11].U_HCE" (ROM)
removed.
 Sourceless block "ICON/U0/U_ICON/U_CTRL_OUT/F_NCP[0].F_CMD[12].U_HCE" (ROM)
removed.
 Sourceless block "ICON/U0/U_ICON/U_CTRL_OUT/F_NCP[0].F_CMD[13].U_HCE" (ROM)
removed.
 Sourceless block "ICON/U0/U_ICON/U_CTRL_OUT/F_NCP[0].F_CMD[14].U_HCE" (ROM)
removed.
 Sourceless block "ICON/U0/U_ICON/U_CTRL_OUT/F_NCP[0].F_CMD[15].U_HCE" (ROM)
removed.
The signal "ICON/U0/U_ICON/iCOMMAND_SEL<4>" is sourceless and has been removed.
 Sourceless block "ICON/U0/U_ICON/U_CTRL_OUT/F_NCP[0].F_CMD[4].U_LCE" (ROM)
removed.
The signal "ICON/U0/U_ICON/iCOMMAND_SEL<5>" is sourceless and has been removed.
 Sourceless block "ICON/U0/U_ICON/U_CTRL_OUT/F_NCP[0].F_CMD[5].U_LCE" (ROM)
removed.
The signal "ICON/U0/U_ICON/iCOMMAND_SEL<6>" is sourceless and has been removed.
 Sourceless block "ICON/U0/U_ICON/U_CTRL_OUT/F_NCP[0].F_CMD[6].U_LCE" (ROM)
removed.
The signal "ICON/U0/U_ICON/iCOMMAND_SEL<7>" is sourceless and has been removed.
 Sourceless block "ICON/U0/U_ICON/U_CTRL_OUT/F_NCP[0].F_CMD[7].U_LCE" (ROM)
removed.
The signal "ICON/U0/U_ICON/iCOMMAND_SEL<8>" is sourceless and has been removed.
 Sourceless block "ICON/U0/U_ICON/U_CTRL_OUT/F_NCP[0].F_CMD[8].U_LCE" (ROM)
removed.
The signal "ICON/U0/U_ICON/iCOMMAND_SEL<9>" is sourceless and has been removed.
 Sourceless block "ICON/U0/U_ICON/U_CTRL_OUT/F_NCP[0].F_CMD[9].U_LCE" (ROM)
removed.
The signal "ICON/U0/U_ICON/iCOMMAND_SEL<10>" is sourceless and has been removed.
 Sourceless block "ICON/U0/U_ICON/U_CTRL_OUT/F_NCP[0].F_CMD[10].U_LCE" (ROM)
removed.
The signal "ICON/U0/U_ICON/iCOMMAND_SEL<11>" is sourceless and has been removed.
 Sourceless block "ICON/U0/U_ICON/U_CTRL_OUT/F_NCP[0].F_CMD[11].U_LCE" (ROM)
removed.
The signal "ICON/U0/U_ICON/iCOMMAND_SEL<12>" is sourceless and has been removed.
 Sourceless block "ICON/U0/U_ICON/U_CTRL_OUT/F_NCP[0].F_CMD[12].U_LCE" (ROM)
removed.
The signal "ICON/U0/U_ICON/iCOMMAND_SEL<13>" is sourceless and has been removed.
 Sourceless block "ICON/U0/U_ICON/U_CTRL_OUT/F_NCP[0].F_CMD[13].U_LCE" (ROM)
removed.
The signal "ICON/U0/U_ICON/iCOMMAND_SEL<14>" is sourceless and has been removed.
 Sourceless block "ICON/U0/U_ICON/U_CTRL_OUT/F_NCP[0].F_CMD[14].U_LCE" (ROM)
removed.
The signal "ICON/U0/U_ICON/iCOMMAND_SEL<15>" is sourceless and has been removed.
 Sourceless block "ICON/U0/U_ICON/U_CTRL_OUT/F_NCP[0].F_CMD[15].U_LCE" (ROM)
removed.
The signal "VIO/U0/I_VIO/GEN_ASYNC_IN[32].ASYNC_IN_CELL/user_in_n" is sourceless
and has been removed.
The signal "VIO/U0/I_VIO/GEN_ASYNC_IN[33].ASYNC_IN_CELL/user_in_n" is sourceless
and has been removed.
The signal "VIO/U0/I_VIO/GEN_ASYNC_IN[34].ASYNC_IN_CELL/user_in_n" is sourceless
and has been removed.
The signal "VIO/U0/I_VIO/GEN_ASYNC_IN[35].ASYNC_IN_CELL/user_in_n" is sourceless
and has been removed.
The signal "VIO/U0/I_VIO/GEN_ASYNC_IN[36].ASYNC_IN_CELL/user_in_n" is sourceless
and has been removed.
The signal "VIO/U0/I_VIO/GEN_ASYNC_IN[37].ASYNC_IN_CELL/user_in_n" is sourceless
and has been removed.
The signal "VIO/U0/I_VIO/GEN_ASYNC_IN[38].ASYNC_IN_CELL/user_in_n" is sourceless
and has been removed.
The signal "VIO/U0/I_VIO/GEN_ASYNC_IN[39].ASYNC_IN_CELL/user_in_n" is sourceless
and has been removed.
The signal "VIO/U0/I_VIO/GEN_ASYNC_IN[40].ASYNC_IN_CELL/user_in_n" is sourceless
and has been removed.
The signal "VIO/U0/I_VIO/GEN_ASYNC_IN[41].ASYNC_IN_CELL/user_in_n" is sourceless
and has been removed.
The signal "VIO/U0/I_VIO/GEN_ASYNC_IN[42].ASYNC_IN_CELL/user_in_n" is sourceless
and has been removed.
The signal "VIO/U0/I_VIO/GEN_ASYNC_IN[43].ASYNC_IN_CELL/user_in_n" is sourceless
and has been removed.
The signal "VIO/U0/I_VIO/GEN_ASYNC_IN[44].ASYNC_IN_CELL/user_in_n" is sourceless
and has been removed.
The signal "VIO/U0/I_VIO/GEN_ASYNC_IN[45].ASYNC_IN_CELL/user_in_n" is sourceless
and has been removed.
The signal "VIO/U0/I_VIO/GEN_ASYNC_IN[46].ASYNC_IN_CELL/user_in_n" is sourceless
and has been removed.
The signal "VIO/U0/I_VIO/GEN_ASYNC_IN[47].ASYNC_IN_CELL/user_in_n" is sourceless
and has been removed.
The signal "VIO/U0/I_VIO/GEN_ASYNC_IN[48].ASYNC_IN_CELL/user_in_n" is sourceless
and has been removed.
The signal "VIO/U0/I_VIO/GEN_ASYNC_IN[49].ASYNC_IN_CELL/user_in_n" is sourceless
and has been removed.
The signal "VIO/U0/I_VIO/GEN_ASYNC_IN[50].ASYNC_IN_CELL/user_in_n" is sourceless
and has been removed.
The signal "VIO/U0/I_VIO/GEN_ASYNC_IN[51].ASYNC_IN_CELL/user_in_n" is sourceless
and has been removed.
The signal "VIO/U0/I_VIO/GEN_ASYNC_IN[52].ASYNC_IN_CELL/user_in_n" is sourceless
and has been removed.
The signal "VIO/U0/I_VIO/GEN_ASYNC_IN[53].ASYNC_IN_CELL/user_in_n" is sourceless
and has been removed.
The signal "VIO/U0/I_VIO/GEN_ASYNC_IN[54].ASYNC_IN_CELL/user_in_n" is sourceless
and has been removed.
The signal "VIO/U0/I_VIO/GEN_ASYNC_IN[55].ASYNC_IN_CELL/user_in_n" is sourceless
and has been removed.
The signal "VIO/U0/I_VIO/GEN_ASYNC_IN[56].ASYNC_IN_CELL/user_in_n" is sourceless
and has been removed.
The signal "VIO/U0/I_VIO/GEN_ASYNC_IN[57].ASYNC_IN_CELL/user_in_n" is sourceless
and has been removed.
The signal "VIO/U0/I_VIO/GEN_ASYNC_IN[58].ASYNC_IN_CELL/user_in_n" is sourceless
and has been removed.
The signal "VIO/U0/I_VIO/GEN_ASYNC_IN[59].ASYNC_IN_CELL/user_in_n" is sourceless
and has been removed.
The signal "VIO/U0/I_VIO/GEN_ASYNC_IN[60].ASYNC_IN_CELL/user_in_n" is sourceless
and has been removed.
The signal "VIO/U0/I_VIO/GEN_ASYNC_IN[61].ASYNC_IN_CELL/user_in_n" is sourceless
and has been removed.
The signal "VIO/U0/I_VIO/GEN_ASYNC_IN[62].ASYNC_IN_CELL/user_in_n" is sourceless
and has been removed.
The signal "VIO/U0/I_VIO/GEN_ASYNC_IN[63].ASYNC_IN_CELL/user_in_n" is sourceless
and has been removed.
The signal "VIO/U0/I_VIO/GEN_ASYNC_IN[68].ASYNC_IN_CELL/user_in_n" is sourceless
and has been removed.
The signal "VIO/U0/I_VIO/GEN_ASYNC_IN[69].ASYNC_IN_CELL/user_in_n" is sourceless
and has been removed.
The signal "VIO/U0/I_VIO/GEN_ASYNC_IN[70].ASYNC_IN_CELL/user_in_n" is sourceless
and has been removed.
The signal "VIO/U0/I_VIO/GEN_ASYNC_IN[71].ASYNC_IN_CELL/user_in_n" is sourceless
and has been removed.
The signal "VIO/U0/I_VIO/GEN_ASYNC_IN[72].ASYNC_IN_CELL/user_in_n" is sourceless
and has been removed.
The signal "VIO/U0/I_VIO/GEN_ASYNC_IN[73].ASYNC_IN_CELL/user_in_n" is sourceless
and has been removed.
The signal "VIO/U0/I_VIO/GEN_ASYNC_IN[74].ASYNC_IN_CELL/user_in_n" is sourceless
and has been removed.
The signal "VIO/U0/I_VIO/GEN_ASYNC_IN[75].ASYNC_IN_CELL/user_in_n" is sourceless
and has been removed.
The signal "VIO/U0/I_VIO/GEN_ASYNC_IN[76].ASYNC_IN_CELL/user_in_n" is sourceless
and has been removed.
The signal "VIO/U0/I_VIO/GEN_ASYNC_IN[77].ASYNC_IN_CELL/user_in_n" is sourceless
and has been removed.
The signal "VIO/U0/I_VIO/GEN_ASYNC_IN[78].ASYNC_IN_CELL/user_in_n" is sourceless
and has been removed.
The signal "VIO/U0/I_VIO/GEN_ASYNC_IN[79].ASYNC_IN_CELL/user_in_n" is sourceless
and has been removed.
The signal "VIO/U0/I_VIO/GEN_ASYNC_IN[80].ASYNC_IN_CELL/user_in_n" is sourceless
and has been removed.
The signal "VIO/U0/I_VIO/GEN_ASYNC_IN[81].ASYNC_IN_CELL/user_in_n" is sourceless
and has been removed.
The signal "VIO/U0/I_VIO/GEN_ASYNC_IN[82].ASYNC_IN_CELL/user_in_n" is sourceless
and has been removed.
The signal "VIO/U0/I_VIO/GEN_ASYNC_IN[83].ASYNC_IN_CELL/user_in_n" is sourceless
and has been removed.
The signal "VIO/U0/I_VIO/GEN_ASYNC_IN[84].ASYNC_IN_CELL/user_in_n" is sourceless
and has been removed.
The signal "VIO/U0/I_VIO/GEN_ASYNC_IN[85].ASYNC_IN_CELL/user_in_n" is sourceless
and has been removed.
The signal "VIO/U0/I_VIO/GEN_ASYNC_IN[86].ASYNC_IN_CELL/user_in_n" is sourceless
and has been removed.
The signal "VIO/U0/I_VIO/GEN_ASYNC_IN[87].ASYNC_IN_CELL/user_in_n" is sourceless
and has been removed.
The signal "VIO/U0/I_VIO/GEN_ASYNC_IN[88].ASYNC_IN_CELL/user_in_n" is sourceless
and has been removed.
The signal "VIO/U0/I_VIO/GEN_ASYNC_IN[89].ASYNC_IN_CELL/user_in_n" is sourceless
and has been removed.
The signal "VIO/U0/I_VIO/GEN_ASYNC_IN[90].ASYNC_IN_CELL/user_in_n" is sourceless
and has been removed.
The signal "VIO/U0/I_VIO/GEN_ASYNC_IN[91].ASYNC_IN_CELL/user_in_n" is sourceless
and has been removed.
The signal "VIO/U0/I_VIO/GEN_ASYNC_IN[92].ASYNC_IN_CELL/user_in_n" is sourceless
and has been removed.
The signal "VIO/U0/I_VIO/GEN_ASYNC_IN[93].ASYNC_IN_CELL/user_in_n" is sourceless
and has been removed.
The signal "VIO/U0/I_VIO/GEN_ASYNC_IN[94].ASYNC_IN_CELL/user_in_n" is sourceless
and has been removed.
The signal "VIO/U0/I_VIO/GEN_ASYNC_IN[95].ASYNC_IN_CELL/user_in_n" is sourceless
and has been removed.
The signal "VIO/U0/I_VIO/GEN_ASYNC_IN[96].ASYNC_IN_CELL/user_in_n" is sourceless
and has been removed.
The signal "VIO/U0/I_VIO/GEN_ASYNC_IN[97].ASYNC_IN_CELL/user_in_n" is sourceless
and has been removed.
The signal "VIO/U0/I_VIO/GEN_ASYNC_IN[98].ASYNC_IN_CELL/user_in_n" is sourceless
and has been removed.
The signal "VIO/U0/I_VIO/GEN_ASYNC_IN[99].ASYNC_IN_CELL/user_in_n" is sourceless
and has been removed.
The signal "VIO/U0/I_VIO/GEN_ASYNC_IN[100].ASYNC_IN_CELL/user_in_n" is
sourceless and has been removed.
The signal "VIO/U0/I_VIO/GEN_ASYNC_IN[101].ASYNC_IN_CELL/user_in_n" is
sourceless and has been removed.
The signal "VIO/U0/I_VIO/GEN_ASYNC_IN[102].ASYNC_IN_CELL/user_in_n" is
sourceless and has been removed.
The signal "VIO/U0/I_VIO/GEN_ASYNC_IN[103].ASYNC_IN_CELL/user_in_n" is
sourceless and has been removed.
The signal "VIO/U0/I_VIO/GEN_ASYNC_IN[104].ASYNC_IN_CELL/user_in_n" is
sourceless and has been removed.
The signal "VIO/U0/I_VIO/GEN_ASYNC_IN[105].ASYNC_IN_CELL/user_in_n" is
sourceless and has been removed.
The signal "VIO/U0/I_VIO/GEN_ASYNC_IN[106].ASYNC_IN_CELL/user_in_n" is
sourceless and has been removed.
The signal "VIO/U0/I_VIO/GEN_ASYNC_IN[107].ASYNC_IN_CELL/user_in_n" is
sourceless and has been removed.
The signal "VIO/U0/I_VIO/GEN_ASYNC_IN[108].ASYNC_IN_CELL/user_in_n" is
sourceless and has been removed.
The signal "VIO/U0/I_VIO/GEN_ASYNC_IN[109].ASYNC_IN_CELL/user_in_n" is
sourceless and has been removed.
The signal "VIO/U0/I_VIO/GEN_ASYNC_IN[110].ASYNC_IN_CELL/user_in_n" is
sourceless and has been removed.
The signal "VIO/U0/I_VIO/GEN_ASYNC_IN[111].ASYNC_IN_CELL/user_in_n" is
sourceless and has been removed.
The signal "VIO/U0/I_VIO/GEN_ASYNC_IN[112].ASYNC_IN_CELL/user_in_n" is
sourceless and has been removed.
The signal "VIO/U0/I_VIO/GEN_ASYNC_IN[113].ASYNC_IN_CELL/user_in_n" is
sourceless and has been removed.
The signal "VIO/U0/I_VIO/GEN_ASYNC_IN[114].ASYNC_IN_CELL/user_in_n" is
sourceless and has been removed.
The signal "VIO/U0/I_VIO/GEN_ASYNC_IN[115].ASYNC_IN_CELL/user_in_n" is
sourceless and has been removed.
The signal "VIO/U0/I_VIO/GEN_ASYNC_IN[116].ASYNC_IN_CELL/user_in_n" is
sourceless and has been removed.
The signal "VIO/U0/I_VIO/GEN_ASYNC_IN[117].ASYNC_IN_CELL/user_in_n" is
sourceless and has been removed.
The signal "VIO/U0/I_VIO/GEN_ASYNC_IN[118].ASYNC_IN_CELL/user_in_n" is
sourceless and has been removed.
The signal "VIO/U0/I_VIO/GEN_ASYNC_IN[119].ASYNC_IN_CELL/user_in_n" is
sourceless and has been removed.
The signal "VIO/U0/I_VIO/GEN_ASYNC_IN[120].ASYNC_IN_CELL/user_in_n" is
sourceless and has been removed.
The signal "VIO/U0/I_VIO/GEN_ASYNC_IN[121].ASYNC_IN_CELL/user_in_n" is
sourceless and has been removed.
The signal "VIO/U0/I_VIO/GEN_ASYNC_IN[122].ASYNC_IN_CELL/user_in_n" is
sourceless and has been removed.
The signal "VIO/U0/I_VIO/GEN_ASYNC_IN[123].ASYNC_IN_CELL/user_in_n" is
sourceless and has been removed.
The signal "VIO/U0/I_VIO/GEN_ASYNC_IN[124].ASYNC_IN_CELL/user_in_n" is
sourceless and has been removed.
The signal "VIO/U0/I_VIO/GEN_ASYNC_IN[125].ASYNC_IN_CELL/user_in_n" is
sourceless and has been removed.
The signal "VIO/U0/I_VIO/GEN_ASYNC_IN[126].ASYNC_IN_CELL/user_in_n" is
sourceless and has been removed.
The signal "VIO/U0/I_VIO/GEN_ASYNC_IN[127].ASYNC_IN_CELL/user_in_n" is
sourceless and has been removed.
The signal "VIO/U0/I_VIO/GEN_ASYNC_IN[128].ASYNC_IN_CELL/user_in_n" is
sourceless and has been removed.
The signal "VIO/U0/I_VIO/GEN_ASYNC_IN[129].ASYNC_IN_CELL/user_in_n" is
sourceless and has been removed.
The signal "VIO/U0/I_VIO/GEN_ASYNC_IN[130].ASYNC_IN_CELL/user_in_n" is
sourceless and has been removed.
The signal "VIO/U0/I_VIO/GEN_ASYNC_IN[131].ASYNC_IN_CELL/user_in_n" is
sourceless and has been removed.
Unused block "ICON/U0/U_ICON/U_CMD/U_COMMAND_SEL/I4.FI[10].U_LUT" (ROM) removed.
Unused block "ICON/U0/U_ICON/U_CMD/U_COMMAND_SEL/I4.FI[11].U_LUT" (ROM) removed.
Unused block "ICON/U0/U_ICON/U_CMD/U_COMMAND_SEL/I4.FI[12].U_LUT" (ROM) removed.
Unused block "ICON/U0/U_ICON/U_CMD/U_COMMAND_SEL/I4.FI[13].U_LUT" (ROM) removed.
Unused block "ICON/U0/U_ICON/U_CMD/U_COMMAND_SEL/I4.FI[14].U_LUT" (ROM) removed.
Unused block "ICON/U0/U_ICON/U_CMD/U_COMMAND_SEL/I4.FI[15].U_LUT" (ROM) removed.
Unused block "ICON/U0/U_ICON/U_CMD/U_COMMAND_SEL/I4.FI[4].U_LUT" (ROM) removed.
Unused block "ICON/U0/U_ICON/U_CMD/U_COMMAND_SEL/I4.FI[5].U_LUT" (ROM) removed.
Unused block "ICON/U0/U_ICON/U_CMD/U_COMMAND_SEL/I4.FI[6].U_LUT" (ROM) removed.
Unused block "ICON/U0/U_ICON/U_CMD/U_COMMAND_SEL/I4.FI[7].U_LUT" (ROM) removed.
Unused block "ICON/U0/U_ICON/U_CMD/U_COMMAND_SEL/I4.FI[8].U_LUT" (ROM) removed.
Unused block "ICON/U0/U_ICON/U_CMD/U_COMMAND_SEL/I4.FI[9].U_LUT" (ROM) removed.
Unused block "ICON/U0/U_ICON/U_CTRL_OUT/U_CMDGRP1" (ROM) removed.

Optimized Block(s):
TYPE 		BLOCK
GND 		ICON/XST_GND
VCC 		ICON/XST_VCC
FDCE 		VIO/U0/I_VIO/GEN_ASYNC_IN[100].ASYNC_IN_CELL/U_FALLING
   optimized to 0
FDCE 		VIO/U0/I_VIO/GEN_ASYNC_IN[100].ASYNC_IN_CELL/U_RISING
   optimized to 0
INV 		VIO/U0/I_VIO/GEN_ASYNC_IN[100].ASYNC_IN_CELL/U_STATCMD_n
FDCE 		VIO/U0/I_VIO/GEN_ASYNC_IN[101].ASYNC_IN_CELL/U_FALLING
   optimized to 0
FDCE 		VIO/U0/I_VIO/GEN_ASYNC_IN[101].ASYNC_IN_CELL/U_RISING
   optimized to 0
INV 		VIO/U0/I_VIO/GEN_ASYNC_IN[101].ASYNC_IN_CELL/U_STATCMD_n
FDCE 		VIO/U0/I_VIO/GEN_ASYNC_IN[102].ASYNC_IN_CELL/U_FALLING
   optimized to 0
FDCE 		VIO/U0/I_VIO/GEN_ASYNC_IN[102].ASYNC_IN_CELL/U_RISING
   optimized to 0
INV 		VIO/U0/I_VIO/GEN_ASYNC_IN[102].ASYNC_IN_CELL/U_STATCMD_n
FDCE 		VIO/U0/I_VIO/GEN_ASYNC_IN[103].ASYNC_IN_CELL/U_FALLING
   optimized to 0
FDCE 		VIO/U0/I_VIO/GEN_ASYNC_IN[103].ASYNC_IN_CELL/U_RISING
   optimized to 0
INV 		VIO/U0/I_VIO/GEN_ASYNC_IN[103].ASYNC_IN_CELL/U_STATCMD_n
FDCE 		VIO/U0/I_VIO/GEN_ASYNC_IN[104].ASYNC_IN_CELL/U_FALLING
   optimized to 0
FDCE 		VIO/U0/I_VIO/GEN_ASYNC_IN[104].ASYNC_IN_CELL/U_RISING
   optimized to 0
INV 		VIO/U0/I_VIO/GEN_ASYNC_IN[104].ASYNC_IN_CELL/U_STATCMD_n
FDCE 		VIO/U0/I_VIO/GEN_ASYNC_IN[105].ASYNC_IN_CELL/U_FALLING
   optimized to 0
FDCE 		VIO/U0/I_VIO/GEN_ASYNC_IN[105].ASYNC_IN_CELL/U_RISING
   optimized to 0
INV 		VIO/U0/I_VIO/GEN_ASYNC_IN[105].ASYNC_IN_CELL/U_STATCMD_n
FDCE 		VIO/U0/I_VIO/GEN_ASYNC_IN[106].ASYNC_IN_CELL/U_FALLING
   optimized to 0
FDCE 		VIO/U0/I_VIO/GEN_ASYNC_IN[106].ASYNC_IN_CELL/U_RISING
   optimized to 0
INV 		VIO/U0/I_VIO/GEN_ASYNC_IN[106].ASYNC_IN_CELL/U_STATCMD_n
FDCE 		VIO/U0/I_VIO/GEN_ASYNC_IN[107].ASYNC_IN_CELL/U_FALLING
   optimized to 0
FDCE 		VIO/U0/I_VIO/GEN_ASYNC_IN[107].ASYNC_IN_CELL/U_RISING
   optimized to 0
INV 		VIO/U0/I_VIO/GEN_ASYNC_IN[107].ASYNC_IN_CELL/U_STATCMD_n
FDCE 		VIO/U0/I_VIO/GEN_ASYNC_IN[108].ASYNC_IN_CELL/U_FALLING
   optimized to 0
FDCE 		VIO/U0/I_VIO/GEN_ASYNC_IN[108].ASYNC_IN_CELL/U_RISING
   optimized to 0
INV 		VIO/U0/I_VIO/GEN_ASYNC_IN[108].ASYNC_IN_CELL/U_STATCMD_n
FDCE 		VIO/U0/I_VIO/GEN_ASYNC_IN[109].ASYNC_IN_CELL/U_FALLING
   optimized to 0
FDCE 		VIO/U0/I_VIO/GEN_ASYNC_IN[109].ASYNC_IN_CELL/U_RISING
   optimized to 0
INV 		VIO/U0/I_VIO/GEN_ASYNC_IN[109].ASYNC_IN_CELL/U_STATCMD_n
FDCE 		VIO/U0/I_VIO/GEN_ASYNC_IN[110].ASYNC_IN_CELL/U_FALLING
   optimized to 0
FDCE 		VIO/U0/I_VIO/GEN_ASYNC_IN[110].ASYNC_IN_CELL/U_RISING
   optimized to 0
INV 		VIO/U0/I_VIO/GEN_ASYNC_IN[110].ASYNC_IN_CELL/U_STATCMD_n
FDCE 		VIO/U0/I_VIO/GEN_ASYNC_IN[111].ASYNC_IN_CELL/U_FALLING
   optimized to 0
FDCE 		VIO/U0/I_VIO/GEN_ASYNC_IN[111].ASYNC_IN_CELL/U_RISING
   optimized to 0
INV 		VIO/U0/I_VIO/GEN_ASYNC_IN[111].ASYNC_IN_CELL/U_STATCMD_n
FDCE 		VIO/U0/I_VIO/GEN_ASYNC_IN[112].ASYNC_IN_CELL/U_FALLING
   optimized to 0
FDCE 		VIO/U0/I_VIO/GEN_ASYNC_IN[112].ASYNC_IN_CELL/U_RISING
   optimized to 0
INV 		VIO/U0/I_VIO/GEN_ASYNC_IN[112].ASYNC_IN_CELL/U_STATCMD_n
FDCE 		VIO/U0/I_VIO/GEN_ASYNC_IN[113].ASYNC_IN_CELL/U_FALLING
   optimized to 0
FDCE 		VIO/U0/I_VIO/GEN_ASYNC_IN[113].ASYNC_IN_CELL/U_RISING
   optimized to 0
INV 		VIO/U0/I_VIO/GEN_ASYNC_IN[113].ASYNC_IN_CELL/U_STATCMD_n
FDCE 		VIO/U0/I_VIO/GEN_ASYNC_IN[114].ASYNC_IN_CELL/U_FALLING
   optimized to 0
FDCE 		VIO/U0/I_VIO/GEN_ASYNC_IN[114].ASYNC_IN_CELL/U_RISING
   optimized to 0
INV 		VIO/U0/I_VIO/GEN_ASYNC_IN[114].ASYNC_IN_CELL/U_STATCMD_n
FDCE 		VIO/U0/I_VIO/GEN_ASYNC_IN[115].ASYNC_IN_CELL/U_FALLING
   optimized to 0
FDCE 		VIO/U0/I_VIO/GEN_ASYNC_IN[115].ASYNC_IN_CELL/U_RISING
   optimized to 0
INV 		VIO/U0/I_VIO/GEN_ASYNC_IN[115].ASYNC_IN_CELL/U_STATCMD_n
FDCE 		VIO/U0/I_VIO/GEN_ASYNC_IN[116].ASYNC_IN_CELL/U_FALLING
   optimized to 0
FDCE 		VIO/U0/I_VIO/GEN_ASYNC_IN[116].ASYNC_IN_CELL/U_RISING
   optimized to 0
INV 		VIO/U0/I_VIO/GEN_ASYNC_IN[116].ASYNC_IN_CELL/U_STATCMD_n
FDCE 		VIO/U0/I_VIO/GEN_ASYNC_IN[117].ASYNC_IN_CELL/U_FALLING
   optimized to 0
FDCE 		VIO/U0/I_VIO/GEN_ASYNC_IN[117].ASYNC_IN_CELL/U_RISING
   optimized to 0
INV 		VIO/U0/I_VIO/GEN_ASYNC_IN[117].ASYNC_IN_CELL/U_STATCMD_n
FDCE 		VIO/U0/I_VIO/GEN_ASYNC_IN[118].ASYNC_IN_CELL/U_FALLING
   optimized to 0
FDCE 		VIO/U0/I_VIO/GEN_ASYNC_IN[118].ASYNC_IN_CELL/U_RISING
   optimized to 0
INV 		VIO/U0/I_VIO/GEN_ASYNC_IN[118].ASYNC_IN_CELL/U_STATCMD_n
FDCE 		VIO/U0/I_VIO/GEN_ASYNC_IN[119].ASYNC_IN_CELL/U_FALLING
   optimized to 0
FDCE 		VIO/U0/I_VIO/GEN_ASYNC_IN[119].ASYNC_IN_CELL/U_RISING
   optimized to 0
INV 		VIO/U0/I_VIO/GEN_ASYNC_IN[119].ASYNC_IN_CELL/U_STATCMD_n
FDCE 		VIO/U0/I_VIO/GEN_ASYNC_IN[120].ASYNC_IN_CELL/U_FALLING
   optimized to 0
FDCE 		VIO/U0/I_VIO/GEN_ASYNC_IN[120].ASYNC_IN_CELL/U_RISING
   optimized to 0
INV 		VIO/U0/I_VIO/GEN_ASYNC_IN[120].ASYNC_IN_CELL/U_STATCMD_n
FDCE 		VIO/U0/I_VIO/GEN_ASYNC_IN[121].ASYNC_IN_CELL/U_FALLING
   optimized to 0
FDCE 		VIO/U0/I_VIO/GEN_ASYNC_IN[121].ASYNC_IN_CELL/U_RISING
   optimized to 0
INV 		VIO/U0/I_VIO/GEN_ASYNC_IN[121].ASYNC_IN_CELL/U_STATCMD_n
FDCE 		VIO/U0/I_VIO/GEN_ASYNC_IN[122].ASYNC_IN_CELL/U_FALLING
   optimized to 0
FDCE 		VIO/U0/I_VIO/GEN_ASYNC_IN[122].ASYNC_IN_CELL/U_RISING
   optimized to 0
INV 		VIO/U0/I_VIO/GEN_ASYNC_IN[122].ASYNC_IN_CELL/U_STATCMD_n
FDCE 		VIO/U0/I_VIO/GEN_ASYNC_IN[123].ASYNC_IN_CELL/U_FALLING
   optimized to 0
FDCE 		VIO/U0/I_VIO/GEN_ASYNC_IN[123].ASYNC_IN_CELL/U_RISING
   optimized to 0
INV 		VIO/U0/I_VIO/GEN_ASYNC_IN[123].ASYNC_IN_CELL/U_STATCMD_n
FDCE 		VIO/U0/I_VIO/GEN_ASYNC_IN[124].ASYNC_IN_CELL/U_FALLING
   optimized to 0
FDCE 		VIO/U0/I_VIO/GEN_ASYNC_IN[124].ASYNC_IN_CELL/U_RISING
   optimized to 0
INV 		VIO/U0/I_VIO/GEN_ASYNC_IN[124].ASYNC_IN_CELL/U_STATCMD_n
FDCE 		VIO/U0/I_VIO/GEN_ASYNC_IN[125].ASYNC_IN_CELL/U_FALLING
   optimized to 0
FDCE 		VIO/U0/I_VIO/GEN_ASYNC_IN[125].ASYNC_IN_CELL/U_RISING
   optimized to 0
INV 		VIO/U0/I_VIO/GEN_ASYNC_IN[125].ASYNC_IN_CELL/U_STATCMD_n
FDCE 		VIO/U0/I_VIO/GEN_ASYNC_IN[126].ASYNC_IN_CELL/U_FALLING
   optimized to 0
FDCE 		VIO/U0/I_VIO/GEN_ASYNC_IN[126].ASYNC_IN_CELL/U_RISING
   optimized to 0
INV 		VIO/U0/I_VIO/GEN_ASYNC_IN[126].ASYNC_IN_CELL/U_STATCMD_n
FDCE 		VIO/U0/I_VIO/GEN_ASYNC_IN[127].ASYNC_IN_CELL/U_FALLING
   optimized to 0
FDCE 		VIO/U0/I_VIO/GEN_ASYNC_IN[127].ASYNC_IN_CELL/U_RISING
   optimized to 0
INV 		VIO/U0/I_VIO/GEN_ASYNC_IN[127].ASYNC_IN_CELL/U_STATCMD_n
FDCE 		VIO/U0/I_VIO/GEN_ASYNC_IN[128].ASYNC_IN_CELL/U_FALLING
   optimized to 0
FDCE 		VIO/U0/I_VIO/GEN_ASYNC_IN[128].ASYNC_IN_CELL/U_RISING
   optimized to 0
INV 		VIO/U0/I_VIO/GEN_ASYNC_IN[128].ASYNC_IN_CELL/U_STATCMD_n
FDCE 		VIO/U0/I_VIO/GEN_ASYNC_IN[129].ASYNC_IN_CELL/U_FALLING
   optimized to 0
FDCE 		VIO/U0/I_VIO/GEN_ASYNC_IN[129].ASYNC_IN_CELL/U_RISING
   optimized to 0
INV 		VIO/U0/I_VIO/GEN_ASYNC_IN[129].ASYNC_IN_CELL/U_STATCMD_n
FDCE 		VIO/U0/I_VIO/GEN_ASYNC_IN[130].ASYNC_IN_CELL/U_FALLING
   optimized to 0
FDCE 		VIO/U0/I_VIO/GEN_ASYNC_IN[130].ASYNC_IN_CELL/U_RISING
   optimized to 0
INV 		VIO/U0/I_VIO/GEN_ASYNC_IN[130].ASYNC_IN_CELL/U_STATCMD_n
FDCE 		VIO/U0/I_VIO/GEN_ASYNC_IN[131].ASYNC_IN_CELL/U_FALLING
   optimized to 0
FDCE 		VIO/U0/I_VIO/GEN_ASYNC_IN[131].ASYNC_IN_CELL/U_RISING
   optimized to 0
INV 		VIO/U0/I_VIO/GEN_ASYNC_IN[131].ASYNC_IN_CELL/U_STATCMD_n
FDCE 		VIO/U0/I_VIO/GEN_ASYNC_IN[32].ASYNC_IN_CELL/U_FALLING
   optimized to 0
FDCE 		VIO/U0/I_VIO/GEN_ASYNC_IN[32].ASYNC_IN_CELL/U_RISING
   optimized to 0
INV 		VIO/U0/I_VIO/GEN_ASYNC_IN[32].ASYNC_IN_CELL/U_STATCMD_n
FDCE 		VIO/U0/I_VIO/GEN_ASYNC_IN[33].ASYNC_IN_CELL/U_FALLING
   optimized to 0
FDCE 		VIO/U0/I_VIO/GEN_ASYNC_IN[33].ASYNC_IN_CELL/U_RISING
   optimized to 0
INV 		VIO/U0/I_VIO/GEN_ASYNC_IN[33].ASYNC_IN_CELL/U_STATCMD_n
FDCE 		VIO/U0/I_VIO/GEN_ASYNC_IN[34].ASYNC_IN_CELL/U_FALLING
   optimized to 0
FDCE 		VIO/U0/I_VIO/GEN_ASYNC_IN[34].ASYNC_IN_CELL/U_RISING
   optimized to 0
INV 		VIO/U0/I_VIO/GEN_ASYNC_IN[34].ASYNC_IN_CELL/U_STATCMD_n
FDCE 		VIO/U0/I_VIO/GEN_ASYNC_IN[35].ASYNC_IN_CELL/U_FALLING
   optimized to 0
FDCE 		VIO/U0/I_VIO/GEN_ASYNC_IN[35].ASYNC_IN_CELL/U_RISING
   optimized to 0
INV 		VIO/U0/I_VIO/GEN_ASYNC_IN[35].ASYNC_IN_CELL/U_STATCMD_n
FDCE 		VIO/U0/I_VIO/GEN_ASYNC_IN[36].ASYNC_IN_CELL/U_FALLING
   optimized to 0
FDCE 		VIO/U0/I_VIO/GEN_ASYNC_IN[36].ASYNC_IN_CELL/U_RISING
   optimized to 0
INV 		VIO/U0/I_VIO/GEN_ASYNC_IN[36].ASYNC_IN_CELL/U_STATCMD_n
FDCE 		VIO/U0/I_VIO/GEN_ASYNC_IN[37].ASYNC_IN_CELL/U_FALLING
   optimized to 0
FDCE 		VIO/U0/I_VIO/GEN_ASYNC_IN[37].ASYNC_IN_CELL/U_RISING
   optimized to 0
INV 		VIO/U0/I_VIO/GEN_ASYNC_IN[37].ASYNC_IN_CELL/U_STATCMD_n
FDCE 		VIO/U0/I_VIO/GEN_ASYNC_IN[38].ASYNC_IN_CELL/U_FALLING
   optimized to 0
FDCE 		VIO/U0/I_VIO/GEN_ASYNC_IN[38].ASYNC_IN_CELL/U_RISING
   optimized to 0
INV 		VIO/U0/I_VIO/GEN_ASYNC_IN[38].ASYNC_IN_CELL/U_STATCMD_n
FDCE 		VIO/U0/I_VIO/GEN_ASYNC_IN[39].ASYNC_IN_CELL/U_FALLING
   optimized to 0
FDCE 		VIO/U0/I_VIO/GEN_ASYNC_IN[39].ASYNC_IN_CELL/U_RISING
   optimized to 0
INV 		VIO/U0/I_VIO/GEN_ASYNC_IN[39].ASYNC_IN_CELL/U_STATCMD_n
FDCE 		VIO/U0/I_VIO/GEN_ASYNC_IN[40].ASYNC_IN_CELL/U_FALLING
   optimized to 0
FDCE 		VIO/U0/I_VIO/GEN_ASYNC_IN[40].ASYNC_IN_CELL/U_RISING
   optimized to 0
INV 		VIO/U0/I_VIO/GEN_ASYNC_IN[40].ASYNC_IN_CELL/U_STATCMD_n
FDCE 		VIO/U0/I_VIO/GEN_ASYNC_IN[41].ASYNC_IN_CELL/U_FALLING
   optimized to 0
FDCE 		VIO/U0/I_VIO/GEN_ASYNC_IN[41].ASYNC_IN_CELL/U_RISING
   optimized to 0
INV 		VIO/U0/I_VIO/GEN_ASYNC_IN[41].ASYNC_IN_CELL/U_STATCMD_n
FDCE 		VIO/U0/I_VIO/GEN_ASYNC_IN[42].ASYNC_IN_CELL/U_FALLING
   optimized to 0
FDCE 		VIO/U0/I_VIO/GEN_ASYNC_IN[42].ASYNC_IN_CELL/U_RISING
   optimized to 0
INV 		VIO/U0/I_VIO/GEN_ASYNC_IN[42].ASYNC_IN_CELL/U_STATCMD_n
FDCE 		VIO/U0/I_VIO/GEN_ASYNC_IN[43].ASYNC_IN_CELL/U_FALLING
   optimized to 0
FDCE 		VIO/U0/I_VIO/GEN_ASYNC_IN[43].ASYNC_IN_CELL/U_RISING
   optimized to 0
INV 		VIO/U0/I_VIO/GEN_ASYNC_IN[43].ASYNC_IN_CELL/U_STATCMD_n
FDCE 		VIO/U0/I_VIO/GEN_ASYNC_IN[44].ASYNC_IN_CELL/U_FALLING
   optimized to 0
FDCE 		VIO/U0/I_VIO/GEN_ASYNC_IN[44].ASYNC_IN_CELL/U_RISING
   optimized to 0
INV 		VIO/U0/I_VIO/GEN_ASYNC_IN[44].ASYNC_IN_CELL/U_STATCMD_n
FDCE 		VIO/U0/I_VIO/GEN_ASYNC_IN[45].ASYNC_IN_CELL/U_FALLING
   optimized to 0
FDCE 		VIO/U0/I_VIO/GEN_ASYNC_IN[45].ASYNC_IN_CELL/U_RISING
   optimized to 0
INV 		VIO/U0/I_VIO/GEN_ASYNC_IN[45].ASYNC_IN_CELL/U_STATCMD_n
FDCE 		VIO/U0/I_VIO/GEN_ASYNC_IN[46].ASYNC_IN_CELL/U_FALLING
   optimized to 0
FDCE 		VIO/U0/I_VIO/GEN_ASYNC_IN[46].ASYNC_IN_CELL/U_RISING
   optimized to 0
INV 		VIO/U0/I_VIO/GEN_ASYNC_IN[46].ASYNC_IN_CELL/U_STATCMD_n
FDCE 		VIO/U0/I_VIO/GEN_ASYNC_IN[47].ASYNC_IN_CELL/U_FALLING
   optimized to 0
FDCE 		VIO/U0/I_VIO/GEN_ASYNC_IN[47].ASYNC_IN_CELL/U_RISING
   optimized to 0
INV 		VIO/U0/I_VIO/GEN_ASYNC_IN[47].ASYNC_IN_CELL/U_STATCMD_n
FDCE 		VIO/U0/I_VIO/GEN_ASYNC_IN[48].ASYNC_IN_CELL/U_FALLING
   optimized to 0
FDCE 		VIO/U0/I_VIO/GEN_ASYNC_IN[48].ASYNC_IN_CELL/U_RISING
   optimized to 0
INV 		VIO/U0/I_VIO/GEN_ASYNC_IN[48].ASYNC_IN_CELL/U_STATCMD_n
FDCE 		VIO/U0/I_VIO/GEN_ASYNC_IN[49].ASYNC_IN_CELL/U_FALLING
   optimized to 0
FDCE 		VIO/U0/I_VIO/GEN_ASYNC_IN[49].ASYNC_IN_CELL/U_RISING
   optimized to 0
INV 		VIO/U0/I_VIO/GEN_ASYNC_IN[49].ASYNC_IN_CELL/U_STATCMD_n
FDCE 		VIO/U0/I_VIO/GEN_ASYNC_IN[50].ASYNC_IN_CELL/U_FALLING
   optimized to 0
FDCE 		VIO/U0/I_VIO/GEN_ASYNC_IN[50].ASYNC_IN_CELL/U_RISING
   optimized to 0
INV 		VIO/U0/I_VIO/GEN_ASYNC_IN[50].ASYNC_IN_CELL/U_STATCMD_n
FDCE 		VIO/U0/I_VIO/GEN_ASYNC_IN[51].ASYNC_IN_CELL/U_FALLING
   optimized to 0
FDCE 		VIO/U0/I_VIO/GEN_ASYNC_IN[51].ASYNC_IN_CELL/U_RISING
   optimized to 0
INV 		VIO/U0/I_VIO/GEN_ASYNC_IN[51].ASYNC_IN_CELL/U_STATCMD_n
FDCE 		VIO/U0/I_VIO/GEN_ASYNC_IN[52].ASYNC_IN_CELL/U_FALLING
   optimized to 0
FDCE 		VIO/U0/I_VIO/GEN_ASYNC_IN[52].ASYNC_IN_CELL/U_RISING
   optimized to 0
INV 		VIO/U0/I_VIO/GEN_ASYNC_IN[52].ASYNC_IN_CELL/U_STATCMD_n
FDCE 		VIO/U0/I_VIO/GEN_ASYNC_IN[53].ASYNC_IN_CELL/U_FALLING
   optimized to 0
FDCE 		VIO/U0/I_VIO/GEN_ASYNC_IN[53].ASYNC_IN_CELL/U_RISING
   optimized to 0
INV 		VIO/U0/I_VIO/GEN_ASYNC_IN[53].ASYNC_IN_CELL/U_STATCMD_n
FDCE 		VIO/U0/I_VIO/GEN_ASYNC_IN[54].ASYNC_IN_CELL/U_FALLING
   optimized to 0
FDCE 		VIO/U0/I_VIO/GEN_ASYNC_IN[54].ASYNC_IN_CELL/U_RISING
   optimized to 0
INV 		VIO/U0/I_VIO/GEN_ASYNC_IN[54].ASYNC_IN_CELL/U_STATCMD_n
FDCE 		VIO/U0/I_VIO/GEN_ASYNC_IN[55].ASYNC_IN_CELL/U_FALLING
   optimized to 0
FDCE 		VIO/U0/I_VIO/GEN_ASYNC_IN[55].ASYNC_IN_CELL/U_RISING
   optimized to 0
INV 		VIO/U0/I_VIO/GEN_ASYNC_IN[55].ASYNC_IN_CELL/U_STATCMD_n
FDCE 		VIO/U0/I_VIO/GEN_ASYNC_IN[56].ASYNC_IN_CELL/U_FALLING
   optimized to 0
FDCE 		VIO/U0/I_VIO/GEN_ASYNC_IN[56].ASYNC_IN_CELL/U_RISING
   optimized to 0
INV 		VIO/U0/I_VIO/GEN_ASYNC_IN[56].ASYNC_IN_CELL/U_STATCMD_n
FDCE 		VIO/U0/I_VIO/GEN_ASYNC_IN[57].ASYNC_IN_CELL/U_FALLING
   optimized to 0
FDCE 		VIO/U0/I_VIO/GEN_ASYNC_IN[57].ASYNC_IN_CELL/U_RISING
   optimized to 0
INV 		VIO/U0/I_VIO/GEN_ASYNC_IN[57].ASYNC_IN_CELL/U_STATCMD_n
FDCE 		VIO/U0/I_VIO/GEN_ASYNC_IN[58].ASYNC_IN_CELL/U_FALLING
   optimized to 0
FDCE 		VIO/U0/I_VIO/GEN_ASYNC_IN[58].ASYNC_IN_CELL/U_RISING
   optimized to 0
INV 		VIO/U0/I_VIO/GEN_ASYNC_IN[58].ASYNC_IN_CELL/U_STATCMD_n
FDCE 		VIO/U0/I_VIO/GEN_ASYNC_IN[59].ASYNC_IN_CELL/U_FALLING
   optimized to 0
FDCE 		VIO/U0/I_VIO/GEN_ASYNC_IN[59].ASYNC_IN_CELL/U_RISING
   optimized to 0
INV 		VIO/U0/I_VIO/GEN_ASYNC_IN[59].ASYNC_IN_CELL/U_STATCMD_n
FDCE 		VIO/U0/I_VIO/GEN_ASYNC_IN[60].ASYNC_IN_CELL/U_FALLING
   optimized to 0
FDCE 		VIO/U0/I_VIO/GEN_ASYNC_IN[60].ASYNC_IN_CELL/U_RISING
   optimized to 0
INV 		VIO/U0/I_VIO/GEN_ASYNC_IN[60].ASYNC_IN_CELL/U_STATCMD_n
FDCE 		VIO/U0/I_VIO/GEN_ASYNC_IN[61].ASYNC_IN_CELL/U_FALLING
   optimized to 0
FDCE 		VIO/U0/I_VIO/GEN_ASYNC_IN[61].ASYNC_IN_CELL/U_RISING
   optimized to 0
INV 		VIO/U0/I_VIO/GEN_ASYNC_IN[61].ASYNC_IN_CELL/U_STATCMD_n
FDCE 		VIO/U0/I_VIO/GEN_ASYNC_IN[62].ASYNC_IN_CELL/U_FALLING
   optimized to 0
FDCE 		VIO/U0/I_VIO/GEN_ASYNC_IN[62].ASYNC_IN_CELL/U_RISING
   optimized to 0
INV 		VIO/U0/I_VIO/GEN_ASYNC_IN[62].ASYNC_IN_CELL/U_STATCMD_n
FDCE 		VIO/U0/I_VIO/GEN_ASYNC_IN[63].ASYNC_IN_CELL/U_FALLING
   optimized to 0
FDCE 		VIO/U0/I_VIO/GEN_ASYNC_IN[63].ASYNC_IN_CELL/U_RISING
   optimized to 0
INV 		VIO/U0/I_VIO/GEN_ASYNC_IN[63].ASYNC_IN_CELL/U_STATCMD_n
FDCE 		VIO/U0/I_VIO/GEN_ASYNC_IN[68].ASYNC_IN_CELL/U_FALLING
   optimized to 0
FDCE 		VIO/U0/I_VIO/GEN_ASYNC_IN[68].ASYNC_IN_CELL/U_RISING
   optimized to 0
INV 		VIO/U0/I_VIO/GEN_ASYNC_IN[68].ASYNC_IN_CELL/U_STATCMD_n
FDCE 		VIO/U0/I_VIO/GEN_ASYNC_IN[69].ASYNC_IN_CELL/U_FALLING
   optimized to 0
FDCE 		VIO/U0/I_VIO/GEN_ASYNC_IN[69].ASYNC_IN_CELL/U_RISING
   optimized to 0
INV 		VIO/U0/I_VIO/GEN_ASYNC_IN[69].ASYNC_IN_CELL/U_STATCMD_n
FDCE 		VIO/U0/I_VIO/GEN_ASYNC_IN[70].ASYNC_IN_CELL/U_FALLING
   optimized to 0
FDCE 		VIO/U0/I_VIO/GEN_ASYNC_IN[70].ASYNC_IN_CELL/U_RISING
   optimized to 0
INV 		VIO/U0/I_VIO/GEN_ASYNC_IN[70].ASYNC_IN_CELL/U_STATCMD_n
FDCE 		VIO/U0/I_VIO/GEN_ASYNC_IN[71].ASYNC_IN_CELL/U_FALLING
   optimized to 0
FDCE 		VIO/U0/I_VIO/GEN_ASYNC_IN[71].ASYNC_IN_CELL/U_RISING
   optimized to 0
INV 		VIO/U0/I_VIO/GEN_ASYNC_IN[71].ASYNC_IN_CELL/U_STATCMD_n
FDCE 		VIO/U0/I_VIO/GEN_ASYNC_IN[72].ASYNC_IN_CELL/U_FALLING
   optimized to 0
FDCE 		VIO/U0/I_VIO/GEN_ASYNC_IN[72].ASYNC_IN_CELL/U_RISING
   optimized to 0
INV 		VIO/U0/I_VIO/GEN_ASYNC_IN[72].ASYNC_IN_CELL/U_STATCMD_n
FDCE 		VIO/U0/I_VIO/GEN_ASYNC_IN[73].ASYNC_IN_CELL/U_FALLING
   optimized to 0
FDCE 		VIO/U0/I_VIO/GEN_ASYNC_IN[73].ASYNC_IN_CELL/U_RISING
   optimized to 0
INV 		VIO/U0/I_VIO/GEN_ASYNC_IN[73].ASYNC_IN_CELL/U_STATCMD_n
FDCE 		VIO/U0/I_VIO/GEN_ASYNC_IN[74].ASYNC_IN_CELL/U_FALLING
   optimized to 0
FDCE 		VIO/U0/I_VIO/GEN_ASYNC_IN[74].ASYNC_IN_CELL/U_RISING
   optimized to 0
INV 		VIO/U0/I_VIO/GEN_ASYNC_IN[74].ASYNC_IN_CELL/U_STATCMD_n
FDCE 		VIO/U0/I_VIO/GEN_ASYNC_IN[75].ASYNC_IN_CELL/U_FALLING
   optimized to 0
FDCE 		VIO/U0/I_VIO/GEN_ASYNC_IN[75].ASYNC_IN_CELL/U_RISING
   optimized to 0
INV 		VIO/U0/I_VIO/GEN_ASYNC_IN[75].ASYNC_IN_CELL/U_STATCMD_n
FDCE 		VIO/U0/I_VIO/GEN_ASYNC_IN[76].ASYNC_IN_CELL/U_FALLING
   optimized to 0
FDCE 		VIO/U0/I_VIO/GEN_ASYNC_IN[76].ASYNC_IN_CELL/U_RISING
   optimized to 0
INV 		VIO/U0/I_VIO/GEN_ASYNC_IN[76].ASYNC_IN_CELL/U_STATCMD_n
FDCE 		VIO/U0/I_VIO/GEN_ASYNC_IN[77].ASYNC_IN_CELL/U_FALLING
   optimized to 0
FDCE 		VIO/U0/I_VIO/GEN_ASYNC_IN[77].ASYNC_IN_CELL/U_RISING
   optimized to 0
INV 		VIO/U0/I_VIO/GEN_ASYNC_IN[77].ASYNC_IN_CELL/U_STATCMD_n
FDCE 		VIO/U0/I_VIO/GEN_ASYNC_IN[78].ASYNC_IN_CELL/U_FALLING
   optimized to 0
FDCE 		VIO/U0/I_VIO/GEN_ASYNC_IN[78].ASYNC_IN_CELL/U_RISING
   optimized to 0
INV 		VIO/U0/I_VIO/GEN_ASYNC_IN[78].ASYNC_IN_CELL/U_STATCMD_n
FDCE 		VIO/U0/I_VIO/GEN_ASYNC_IN[79].ASYNC_IN_CELL/U_FALLING
   optimized to 0
FDCE 		VIO/U0/I_VIO/GEN_ASYNC_IN[79].ASYNC_IN_CELL/U_RISING
   optimized to 0
INV 		VIO/U0/I_VIO/GEN_ASYNC_IN[79].ASYNC_IN_CELL/U_STATCMD_n
FDCE 		VIO/U0/I_VIO/GEN_ASYNC_IN[80].ASYNC_IN_CELL/U_FALLING
   optimized to 0
FDCE 		VIO/U0/I_VIO/GEN_ASYNC_IN[80].ASYNC_IN_CELL/U_RISING
   optimized to 0
INV 		VIO/U0/I_VIO/GEN_ASYNC_IN[80].ASYNC_IN_CELL/U_STATCMD_n
FDCE 		VIO/U0/I_VIO/GEN_ASYNC_IN[81].ASYNC_IN_CELL/U_FALLING
   optimized to 0
FDCE 		VIO/U0/I_VIO/GEN_ASYNC_IN[81].ASYNC_IN_CELL/U_RISING
   optimized to 0
INV 		VIO/U0/I_VIO/GEN_ASYNC_IN[81].ASYNC_IN_CELL/U_STATCMD_n
FDCE 		VIO/U0/I_VIO/GEN_ASYNC_IN[82].ASYNC_IN_CELL/U_FALLING
   optimized to 0
FDCE 		VIO/U0/I_VIO/GEN_ASYNC_IN[82].ASYNC_IN_CELL/U_RISING
   optimized to 0
INV 		VIO/U0/I_VIO/GEN_ASYNC_IN[82].ASYNC_IN_CELL/U_STATCMD_n
FDCE 		VIO/U0/I_VIO/GEN_ASYNC_IN[83].ASYNC_IN_CELL/U_FALLING
   optimized to 0
FDCE 		VIO/U0/I_VIO/GEN_ASYNC_IN[83].ASYNC_IN_CELL/U_RISING
   optimized to 0
INV 		VIO/U0/I_VIO/GEN_ASYNC_IN[83].ASYNC_IN_CELL/U_STATCMD_n
FDCE 		VIO/U0/I_VIO/GEN_ASYNC_IN[84].ASYNC_IN_CELL/U_FALLING
   optimized to 0
FDCE 		VIO/U0/I_VIO/GEN_ASYNC_IN[84].ASYNC_IN_CELL/U_RISING
   optimized to 0
INV 		VIO/U0/I_VIO/GEN_ASYNC_IN[84].ASYNC_IN_CELL/U_STATCMD_n
FDCE 		VIO/U0/I_VIO/GEN_ASYNC_IN[85].ASYNC_IN_CELL/U_FALLING
   optimized to 0
FDCE 		VIO/U0/I_VIO/GEN_ASYNC_IN[85].ASYNC_IN_CELL/U_RISING
   optimized to 0
INV 		VIO/U0/I_VIO/GEN_ASYNC_IN[85].ASYNC_IN_CELL/U_STATCMD_n
FDCE 		VIO/U0/I_VIO/GEN_ASYNC_IN[86].ASYNC_IN_CELL/U_FALLING
   optimized to 0
FDCE 		VIO/U0/I_VIO/GEN_ASYNC_IN[86].ASYNC_IN_CELL/U_RISING
   optimized to 0
INV 		VIO/U0/I_VIO/GEN_ASYNC_IN[86].ASYNC_IN_CELL/U_STATCMD_n
FDCE 		VIO/U0/I_VIO/GEN_ASYNC_IN[87].ASYNC_IN_CELL/U_FALLING
   optimized to 0
FDCE 		VIO/U0/I_VIO/GEN_ASYNC_IN[87].ASYNC_IN_CELL/U_RISING
   optimized to 0
INV 		VIO/U0/I_VIO/GEN_ASYNC_IN[87].ASYNC_IN_CELL/U_STATCMD_n
FDCE 		VIO/U0/I_VIO/GEN_ASYNC_IN[88].ASYNC_IN_CELL/U_FALLING
   optimized to 0
FDCE 		VIO/U0/I_VIO/GEN_ASYNC_IN[88].ASYNC_IN_CELL/U_RISING
   optimized to 0
INV 		VIO/U0/I_VIO/GEN_ASYNC_IN[88].ASYNC_IN_CELL/U_STATCMD_n
FDCE 		VIO/U0/I_VIO/GEN_ASYNC_IN[89].ASYNC_IN_CELL/U_FALLING
   optimized to 0
FDCE 		VIO/U0/I_VIO/GEN_ASYNC_IN[89].ASYNC_IN_CELL/U_RISING
   optimized to 0
INV 		VIO/U0/I_VIO/GEN_ASYNC_IN[89].ASYNC_IN_CELL/U_STATCMD_n
FDCE 		VIO/U0/I_VIO/GEN_ASYNC_IN[90].ASYNC_IN_CELL/U_FALLING
   optimized to 0
FDCE 		VIO/U0/I_VIO/GEN_ASYNC_IN[90].ASYNC_IN_CELL/U_RISING
   optimized to 0
INV 		VIO/U0/I_VIO/GEN_ASYNC_IN[90].ASYNC_IN_CELL/U_STATCMD_n
FDCE 		VIO/U0/I_VIO/GEN_ASYNC_IN[91].ASYNC_IN_CELL/U_FALLING
   optimized to 0
FDCE 		VIO/U0/I_VIO/GEN_ASYNC_IN[91].ASYNC_IN_CELL/U_RISING
   optimized to 0
INV 		VIO/U0/I_VIO/GEN_ASYNC_IN[91].ASYNC_IN_CELL/U_STATCMD_n
FDCE 		VIO/U0/I_VIO/GEN_ASYNC_IN[92].ASYNC_IN_CELL/U_FALLING
   optimized to 0
FDCE 		VIO/U0/I_VIO/GEN_ASYNC_IN[92].ASYNC_IN_CELL/U_RISING
   optimized to 0
INV 		VIO/U0/I_VIO/GEN_ASYNC_IN[92].ASYNC_IN_CELL/U_STATCMD_n
FDCE 		VIO/U0/I_VIO/GEN_ASYNC_IN[93].ASYNC_IN_CELL/U_FALLING
   optimized to 0
FDCE 		VIO/U0/I_VIO/GEN_ASYNC_IN[93].ASYNC_IN_CELL/U_RISING
   optimized to 0
INV 		VIO/U0/I_VIO/GEN_ASYNC_IN[93].ASYNC_IN_CELL/U_STATCMD_n
FDCE 		VIO/U0/I_VIO/GEN_ASYNC_IN[94].ASYNC_IN_CELL/U_FALLING
   optimized to 0
FDCE 		VIO/U0/I_VIO/GEN_ASYNC_IN[94].ASYNC_IN_CELL/U_RISING
   optimized to 0
INV 		VIO/U0/I_VIO/GEN_ASYNC_IN[94].ASYNC_IN_CELL/U_STATCMD_n
FDCE 		VIO/U0/I_VIO/GEN_ASYNC_IN[95].ASYNC_IN_CELL/U_FALLING
   optimized to 0
FDCE 		VIO/U0/I_VIO/GEN_ASYNC_IN[95].ASYNC_IN_CELL/U_RISING
   optimized to 0
INV 		VIO/U0/I_VIO/GEN_ASYNC_IN[95].ASYNC_IN_CELL/U_STATCMD_n
FDCE 		VIO/U0/I_VIO/GEN_ASYNC_IN[96].ASYNC_IN_CELL/U_FALLING
   optimized to 0
FDCE 		VIO/U0/I_VIO/GEN_ASYNC_IN[96].ASYNC_IN_CELL/U_RISING
   optimized to 0
INV 		VIO/U0/I_VIO/GEN_ASYNC_IN[96].ASYNC_IN_CELL/U_STATCMD_n
FDCE 		VIO/U0/I_VIO/GEN_ASYNC_IN[97].ASYNC_IN_CELL/U_FALLING
   optimized to 0
FDCE 		VIO/U0/I_VIO/GEN_ASYNC_IN[97].ASYNC_IN_CELL/U_RISING
   optimized to 0
INV 		VIO/U0/I_VIO/GEN_ASYNC_IN[97].ASYNC_IN_CELL/U_STATCMD_n
FDCE 		VIO/U0/I_VIO/GEN_ASYNC_IN[98].ASYNC_IN_CELL/U_FALLING
   optimized to 0
FDCE 		VIO/U0/I_VIO/GEN_ASYNC_IN[98].ASYNC_IN_CELL/U_RISING
   optimized to 0
INV 		VIO/U0/I_VIO/GEN_ASYNC_IN[98].ASYNC_IN_CELL/U_STATCMD_n
FDCE 		VIO/U0/I_VIO/GEN_ASYNC_IN[99].ASYNC_IN_CELL/U_FALLING
   optimized to 0
FDCE 		VIO/U0/I_VIO/GEN_ASYNC_IN[99].ASYNC_IN_CELL/U_RISING
   optimized to 0
INV 		VIO/U0/I_VIO/GEN_ASYNC_IN[99].ASYNC_IN_CELL/U_STATCMD_n
LUT4 		VIO/U0/I_VIO/U_STATUS/F_STAT[6].I_STAT.U_STAT
   optimized to 0
LUT4 		VIO/U0/I_VIO/U_STATUS/F_STAT[7].I_STAT.U_STAT
   optimized to 0
LUT3 		VIO/U0/I_VIO/U_STATUS/U_SMUX/U_CS_MUX/I4.U_MUX16/Mmux_O_7
   optimized to 0
LUT4 		VIO/U0/I_VIO/U_STATUS/iSTAT_CNT<7>12
   optimized to 1
LUT4 		VIO/U0/I_VIO/U_STATUS/iSTAT_CNT<7>91
   optimized to 1
GND 		VIO/XST_GND
VCC 		VIO/XST_VCC
GND 		XST_GND
VCC 		XST_VCC

To enable printing of redundant blocks removed and signals merged, set the
detailed map report option and rerun map.

Section 6 - IOB Properties
--------------------------

Section 7 - RPMs
----------------

Section 8 - Guide Report
------------------------
Guide not run on this design.

Section 9 - Area Group and Partition Summary
--------------------------------------------

Partition Implementation Status
-------------------------------

  No Partitions were found in this design.

-------------------------------

Area Group Information
----------------------

  No area groups were found in this design.

----------------------

Section 10 - Timing Report
--------------------------
This design was not run using timing mode.

Section 11 - Configuration String Details
-----------------------------------------
Use the "-detail" map option to print out Configuration Strings

Section 12 - Control Set Information
------------------------------------
No control set information for this architecture.

Section 13 - Utilization by Hierarchy
-------------------------------------
Use the "-detail" map option to print out the Utilization by Hierarchy section.
