Running: /opt/tools/xilinx/ise/14.7/ISE_DS/ISE/bin/lin64/unwrapped/fuse -intstyle ise -incremental -lib unisims_ver -lib unimacro_ver -lib xilinxcorelib_ver -o /home/anand/EE2003/Assignment4/IF_isim_beh.exe -prj /home/anand/EE2003/Assignment4/IF_beh.prj work.IF work.glbl 
ISim P.20131013 (signature 0xfbc00daa)
Number of CPUs detected in this system: 4
Turning on mult-threading, number of parallel sub-compilation jobs: 8 
Determining compilation order of HDL files
Analyzing Verilog file "/home/anand/EE2003/Assignment4/imem.v" into library work
Analyzing Verilog file "/home/anand/EE2003/Assignment4/IF.v" into library work
Analyzing Verilog file "/opt/tools/xilinx/ise/14.7/ISE_DS/ISE//verilog/src/glbl.v" into library work
Starting static elaboration
Completed static elaboration
Fuse Memory Usage: 95476 KB
Fuse CPU Usage: 1150 ms
Compiling module imem
Compiling module IF
Compiling module glbl
Time Resolution for simulation is 1ps.
Waiting for 1 sub-compilation(s) to finish...
Compiled 3 Verilog Units
Built simulation executable /home/anand/EE2003/Assignment4/IF_isim_beh.exe
Fuse Memory Usage: 655652 KB
Fuse CPU Usage: 1170 ms
GCC CPU Usage: 1130 ms
