ISim log file
Running: /home/anand/EE2003/Experiment_4_final_submission/cpu_tb_isim_beh.exe -intstyle ise -gui -tclbatch isim.cmd -wdb /home/anand/EE2003/Experiment_4_final_submission/cpu_tb_isim_beh.wdb 
ISim P.20131013 (signature 0xfbc00daa)
----------------------------------------------------------------------
INFO:Security:51 - The XILINXD_LICENSE_FILE environment variable is not set.
INFO:Security:52 - The LM_LICENSE_FILE environment variable is set to '2100@10.21.19.247'.
INFO:Security:68a - user is anand, on host unknown.
WARNING:Security:43 - No license file was found in the standard Xilinx license directory.
WARNING:Security:44 - Since no license file was found,
       please run the Xilinx License Configuration Manager
       (xlcm or "Manage Xilinx Licenses")
       to assist in obtaining a license.
ERROR:Security:14 - No feature was available for 'ISIM'.

Cannot connect to license server system.
 The license server manager (lmgrd) has not been started yet,
 the wrong port@host or license file is being used, or the
 port or hostname in the license file has been changed.
Feature:       ISIM
Server name:   10.21.19.247
License path:  2100@10.21.19.247:/home/anand/.Xilinx/*.lic:/opt/tools/xilinx/ise/14.7/ISE_DS/ISE//data/*.lic:/opt/tools/xilinx/ise/14.7/ISE_DS/ISE//coregen/core_licenses/Xilinx.lic:/opt/tools/xilinx/ise/14.7/ISE_DS/ISE//coregen/core_licenses/XilinxFree.lic:/opt/tools/xilinx/ise/14.7/ISE_DS/EDK/data/core_licenses/Xilinx.lic:
FLEXnet Licensing error:-15,570.  System Error: 115 "Operation now in progress"
For further information, refer to the FLEXnet Licensing documentation,
available at "www.flexerasoftware.com".
----------------------------------------------------------------------
WARNING: A full ISim License cannot be checked out due to the issues listed above. Please use Xilinx License Configuration Manager to fix these issues in order to check out a full ISim license.
WARNING: ISim will run in Lite mode. Please refer to the ISim documentation for more information on the differences between the Lite and the Full version.
This is a Lite version of ISim.
Time resolution is 1 ps
# onerror resume
# wave add /
# run 1000 ns
Simulator is doing circuit initialization process.
Finished circuit initialization process.
# exit 0
